<?xml version="1.0" encoding="UTF-8"?>
<!-- Generated by org.testng.reporters.JUnitXMLReporter -->
<testsuite ignored="7" hostname="Pankaj-2248-Dev" failures="2" tests="8" name="test" time="72.828" errors="0" timestamp="31 Aug 2021 04:39:29 GMT">
  <testcase classname="TestCases.MainTestClass" name="MidTransPillow" time="1.464"/>
  <testcase classname="TestCases.MainTestClass" name="BuyNowRedirectToCheckoutPopUp" time="4.167"/>
  <testcase classname="TestCases.MainTestClass" name="CheckOutButton" time="8.313"/>
  <testcase classname="TestCases.MainTestClass" name="ContinueButton" time="7.95"/>
  <testcase classname="TestCases.MainTestClass" name="CheckingSelectingPaymentOptionRedirectToCardDetailScreen" time="12.662"/>
  <testcase classname="TestCases.MainTestClass" name="PromoCodeAmountCheck" time="14.698"/>
  <testcase classname="TestCases.MainTestClass" name="EnteringCardDetails" time="4.219">
    <failure type="org.openqa.selenium.NoSuchElementException" message="no such element: Unable to locate element: {&amp;quot;method&amp;quot;:&amp;quot;xpath&amp;quot;,&amp;quot;selector&amp;quot;:&amp;quot;//a[@class=&amp;apos;button-main-content&amp;apos;]&amp;quot;}
  (Session info: chrome=92.0.4515.159)
For documentation on this error, please visit: https://www.seleniumhq.org/exceptions/no_such_element.html
Build info: version: &amp;apos;3.141.59&amp;apos;, revision: &amp;apos;e82be7d358&amp;apos;, time: &amp;apos;2018-11-14T08:17:03&amp;apos;
System info: host: &amp;apos;PANKAJ-2248-DEV&amp;apos;, ip: &amp;apos;192.168.1.115&amp;apos;, os.name: &amp;apos;Windows 10&amp;apos;, os.arch: &amp;apos;amd64&amp;apos;, os.version: &amp;apos;10.0&amp;apos;, java.version: &amp;apos;16.0.1&amp;apos;
Driver info: org.openqa.selenium.chrome.ChromeDriver
Capabilities {acceptInsecureCerts: false, browserName: chrome, browserVersion: 92.0.4515.159, chrome: {chromedriverVersion: 92.0.4515.43 (8c61b7e2989f2..., userDataDir: C:\Users\PANKAJ~1\AppData\L...}, goog:chromeOptions: {debuggerAddress: localhost:60675}, javascriptEnabled: true, networkConnectionEnabled: false, pageLoadStrategy: normal, platform: WINDOWS, platformName: WINDOWS, proxy: Proxy(), setWindowRect: true, strictFileInteractability: false, timeouts: {implicit: 0, pageLoad: 300000, script: 30000}, unhandledPromptBehavior: dismiss and notify, webauthn:extension:credBlob: true, webauthn:extension:largeBlob: true, webauthn:virtualAuthenticators: true}
Session ID: 39c67c065e2a83d21d4b6138311ff01c
*** Element info: {Using=xpath, value=//a[@class=&amp;apos;button-main-content&amp;apos;]}">
      <![CDATA[org.openqa.selenium.NoSuchElementException: no such element: Unable to locate element: {"method":"xpath","selector":"//a[@class='button-main-content']"}
  (Session info: chrome=92.0.4515.159)
For documentation on this error, please visit: https://www.seleniumhq.org/exceptions/no_such_element.html
Build info: version: '3.141.59', revision: 'e82be7d358', time: '2018-11-14T08:17:03'
System info: host: 'PANKAJ-2248-DEV', ip: '192.168.1.115', os.name: 'Windows 10', os.arch: 'amd64', os.version: '10.0', java.version: '16.0.1'
Driver info: org.openqa.selenium.chrome.ChromeDriver
Capabilities {acceptInsecureCerts: false, browserName: chrome, browserVersion: 92.0.4515.159, chrome: {chromedriverVersion: 92.0.4515.43 (8c61b7e2989f2..., userDataDir: C:\Users\PANKAJ~1\AppData\L...}, goog:chromeOptions: {debuggerAddress: localhost:60675}, javascriptEnabled: true, networkConnectionEnabled: false, pageLoadStrategy: normal, platform: WINDOWS, platformName: WINDOWS, proxy: Proxy(), setWindowRect: true, strictFileInteractability: false, timeouts: {implicit: 0, pageLoad: 300000, script: 30000}, unhandledPromptBehavior: dismiss and notify, webauthn:extension:credBlob: true, webauthn:extension:largeBlob: true, webauthn:virtualAuthenticators: true}
Session ID: 39c67c065e2a83d21d4b6138311ff01c
*** Element info: {Using=xpath, value=//a[@class='button-main-content']}
at org.openqa.selenium.remote.http.W3CHttpResponseCodec.createException(W3CHttpResponseCodec.java:187)
at org.openqa.selenium.remote.http.W3CHttpResponseCodec.decode(W3CHttpResponseCodec.java:122)
at org.openqa.selenium.remote.http.W3CHttpResponseCodec.decode(W3CHttpResponseCodec.java:49)
at org.openqa.selenium.remote.HttpCommandExecutor.execute(HttpCommandExecutor.java:158)
at org.openqa.selenium.remote.service.DriverCommandExecutor.execute(DriverCommandExecutor.java:83)
at org.openqa.selenium.remote.RemoteWebDriver.execute(RemoteWebDriver.java:552)
at org.openqa.selenium.remote.RemoteWebDriver.findElement(RemoteWebDriver.java:323)
at org.openqa.selenium.remote.RemoteWebDriver.findElementByXPath(RemoteWebDriver.java:428)
at org.openqa.selenium.By$ByXPath.findElement(By.java:353)
at org.openqa.selenium.remote.RemoteWebDriver.findElement(RemoteWebDriver.java:315)
at org.openqa.selenium.support.pagefactory.DefaultElementLocator.findElement(DefaultElementLocator.java:69)
at org.openqa.selenium.support.pagefactory.internal.LocatingElementHandler.invoke(LocatingElementHandler.java:38)
at jdk.proxy2/jdk.proxy2.$Proxy9.click(Unknown Source)
at MidTrans.DebitClass.EnteringCreditCardDetails(DebitClass.java:61)
at TestCases.MainTestClass.EnteringCardDetails(MainTestClass.java:183)
... Removed 33 stack frames]]>
    </failure>
  </testcase> <!-- EnteringCardDetails -->
  <testcase classname="TestCases.MainTestClass" name="clickOkWithRightOtp" time="5.749">
    <failure type="org.openqa.selenium.ElementNotInteractableException" message="element not interactable
  (Session info: chrome=92.0.4515.159)
Build info: version: &amp;apos;3.141.59&amp;apos;, revision: &amp;apos;e82be7d358&amp;apos;, time: &amp;apos;2018-11-14T08:17:03&amp;apos;
System info: host: &amp;apos;PANKAJ-2248-DEV&amp;apos;, ip: &amp;apos;192.168.1.115&amp;apos;, os.name: &amp;apos;Windows 10&amp;apos;, os.arch: &amp;apos;amd64&amp;apos;, os.version: &amp;apos;10.0&amp;apos;, java.version: &amp;apos;16.0.1&amp;apos;
Driver info: org.openqa.selenium.chrome.ChromeDriver
Capabilities {acceptInsecureCerts: false, browserName: chrome, browserVersion: 92.0.4515.159, chrome: {chromedriverVersion: 92.0.4515.43 (8c61b7e2989f2..., userDataDir: C:\Users\PANKAJ~1\AppData\L...}, goog:chromeOptions: {debuggerAddress: localhost:60675}, javascriptEnabled: true, networkConnectionEnabled: false, pageLoadStrategy: normal, platform: WINDOWS, platformName: WINDOWS, proxy: Proxy(), setWindowRect: true, strictFileInteractability: false, timeouts: {implicit: 0, pageLoad: 300000, script: 30000}, unhandledPromptBehavior: dismiss and notify, webauthn:extension:credBlob: true, webauthn:extension:largeBlob: true, webauthn:virtualAuthenticators: true}
Session ID: 39c67c065e2a83d21d4b6138311ff01c">
      <![CDATA[org.openqa.selenium.ElementNotInteractableException: element not interactable
  (Session info: chrome=92.0.4515.159)
Build info: version: '3.141.59', revision: 'e82be7d358', time: '2018-11-14T08:17:03'
System info: host: 'PANKAJ-2248-DEV', ip: '192.168.1.115', os.name: 'Windows 10', os.arch: 'amd64', os.version: '10.0', java.version: '16.0.1'
Driver info: org.openqa.selenium.chrome.ChromeDriver
Capabilities {acceptInsecureCerts: false, browserName: chrome, browserVersion: 92.0.4515.159, chrome: {chromedriverVersion: 92.0.4515.43 (8c61b7e2989f2..., userDataDir: C:\Users\PANKAJ~1\AppData\L...}, goog:chromeOptions: {debuggerAddress: localhost:60675}, javascriptEnabled: true, networkConnectionEnabled: false, pageLoadStrategy: normal, platform: WINDOWS, platformName: WINDOWS, proxy: Proxy(), setWindowRect: true, strictFileInteractability: false, timeouts: {implicit: 0, pageLoad: 300000, script: 30000}, unhandledPromptBehavior: dismiss and notify, webauthn:extension:credBlob: true, webauthn:extension:largeBlob: true, webauthn:virtualAuthenticators: true}
Session ID: 39c67c065e2a83d21d4b6138311ff01c
at org.openqa.selenium.remote.http.W3CHttpResponseCodec.createException(W3CHttpResponseCodec.java:187)
at org.openqa.selenium.remote.http.W3CHttpResponseCodec.decode(W3CHttpResponseCodec.java:122)
at org.openqa.selenium.remote.http.W3CHttpResponseCodec.decode(W3CHttpResponseCodec.java:49)
at org.openqa.selenium.remote.HttpCommandExecutor.execute(HttpCommandExecutor.java:158)
at org.openqa.selenium.remote.service.DriverCommandExecutor.execute(DriverCommandExecutor.java:83)
at org.openqa.selenium.remote.RemoteWebDriver.execute(RemoteWebDriver.java:552)
at org.openqa.selenium.remote.RemoteWebElement.execute(RemoteWebElement.java:285)
at org.openqa.selenium.remote.RemoteWebElement.click(RemoteWebElement.java:84)
at org.openqa.selenium.support.pagefactory.internal.LocatingElementHandler.invoke(LocatingElementHandler.java:51)
at jdk.proxy2/jdk.proxy2.$Proxy9.click(Unknown Source)
at MidTrans.Payment.ClickOnOkButton(Payment.java:84)
at TestCases.MainTestClass.clickOkWithRightOtp(MainTestClass.java:205)
... Removed 36 stack frames]]>
    </failure>
  </testcase> <!-- clickOkWithRightOtp -->
  <testcase classname="TestCases.MainTestClass" name="OrderSummaryProductDetail" time="0.0">
    <ignored/>
  </testcase> <!-- OrderSummaryProductDetail -->
  <testcase classname="TestCases.MainTestClass" name="paymentOptionsAvailable" time="0.0">
    <ignored/>
  </testcase> <!-- paymentOptionsAvailable -->
  <testcase classname="TestCases.MainTestClass" name="ClickOnCancelButton" time="0.0">
    <ignored/>
  </testcase> <!-- ClickOnCancelButton -->
  <testcase classname="TestCases.MainTestClass" name="VisibilityOfCheckoutPopUp" time="0.0">
    <ignored/>
  </testcase> <!-- VisibilityOfCheckoutPopUp -->
  <testcase classname="TestCases.MainTestClass" name="FillingDetails" time="0.0">
    <ignored/>
  </testcase> <!-- FillingDetails -->
  <testcase classname="TestCases.MainTestClass" name="ActionAfterClickingOnPayNowButton" time="0.0">
    <ignored/>
  </testcase> <!-- ActionAfterClickingOnPayNowButton -->
  <testcase classname="TestCases.MainTestClass" name="ClickOkButtonWrongPasskey" time="0.0">
    <ignored/>
  </testcase> <!-- ClickOkButtonWrongPasskey -->
</testsuite> <!-- test -->
